<?xml version="1.0" encoding="UTF-8"?>
<!-- Generated by org.testng.reporters.JUnitXMLReporter -->
<testsuite ignored="6" hostname="DESKTOP-N6KICR9" failures="0" tests="2" name="Test" time="0.039" errors="0" timestamp="16 Apr 2023 04:53:19 GMT">
  <testcase classname="Testcases.HomeLoanTest" name="test2" time="0.001"/>
  <testcase classname="Testcases.CarLoansTest" name="test4" time="0.0"/>
  <testcase classname="Testcases.BaseClass" name="@BeforeTest Method3" time="0.0">
    <ignored/>
  </testcase> <!-- @BeforeTest Method3 -->
  <testcase classname="Testcases.BaseClass" name="@BeforeTest Method3" time="0.0">
    <ignored/>
  </testcase> <!-- @BeforeTest Method3 -->
  <testcase classname="Testcases.BaseClass" name="@AfterTest Method4" time="0.0">
    <ignored/>
  </testcase> <!-- @AfterTest Method4 -->
  <testcase classname="Testcases.BaseClass" name="@AfterTest Method4" time="0.0">
    <ignored/>
  </testcase> <!-- @AfterTest Method4 -->
  <testcase classname="Testcases.CreditTestCases" name="test3" time="0.0">
    <ignored/>
  </testcase> <!-- test3 -->
  <testcase classname="Testcases.HomeLoanTest" name="test1" time="0.0">
    <ignored/>
  </testcase> <!-- test1 -->
</testsuite> <!-- Test -->
