<?xml version="1.0" encoding="UTF-8"?>
<testng-results ignored="6" total="8" passed="2" failed="0" skipped="0">
  <reporter-output>
  </reporter-output>
  <suite started-at="2023-04-16T04:26:57Z" name="Suite" finished-at="2023-04-16T04:26:57Z" duration-ms="46">
    <groups>
      <group name="regression">
        <method signature="HomeLoanTest.test2()[pri:0, instance:Testcases.HomeLoanTest@1b45c0e]" name="test2" class="Testcases.HomeLoanTest"/>
      </group> <!-- regression -->
      <group name="sanity">
        <method signature="CarLoansTest.test4()[pri:0, instance:Testcases.CarLoansTest@1fb19a0]" name="test4" class="Testcases.CarLoansTest"/>
        <method signature="HomeLoanTest.test2()[pri:0, instance:Testcases.HomeLoanTest@1b45c0e]" name="test2" class="Testcases.HomeLoanTest"/>
      </group> <!-- sanity -->
    </groups>
    <test started-at="2023-04-16T04:26:57Z" name="Test" finished-at="2023-04-16T04:26:57Z" duration-ms="46">
      <class name="Testcases.HomeLoanTest">
        <test-method is-config="true" signature="Method3()[pri:0, instance:Testcases.HomeLoanTest@1b45c0e]" started-at="2023-04-16T04:26:57Z" name="Method3" finished-at="2023-04-16T04:26:57Z" duration-ms="11" status="PASS">
          <reporter-output>
          </reporter-output>
        </test-method> <!-- Method3 -->
        <test-method signature="test2()[pri:0, instance:Testcases.HomeLoanTest@1b45c0e]" started-at="2023-04-16T04:26:57Z" name="test2" finished-at="2023-04-16T04:26:57Z" duration-ms="6" status="PASS">
          <reporter-output>
          </reporter-output>
        </test-method> <!-- test2 -->
        <test-method is-config="true" signature="Method1()[pri:0, instance:Testcases.HomeLoanTest@1b45c0e]" started-at="2023-04-16T04:26:57Z" name="Method1" finished-at="2023-04-16T04:26:57Z" duration-ms="0" status="PASS">
          <reporter-output>
          </reporter-output>
        </test-method> <!-- Method1 -->
        <test-method is-config="true" signature="Method2()[pri:0, instance:Testcases.HomeLoanTest@1b45c0e]" started-at="2023-04-16T04:26:57Z" name="Method2" finished-at="2023-04-16T04:26:57Z" duration-ms="1" status="PASS">
          <reporter-output>
          </reporter-output>
        </test-method> <!-- Method2 -->
        <test-method is-config="true" signature="Method4()[pri:0, instance:Testcases.HomeLoanTest@1b45c0e]" started-at="2023-04-16T04:26:57Z" name="Method4" finished-at="2023-04-16T04:26:57Z" duration-ms="0" status="PASS">
          <reporter-output>
          </reporter-output>
        </test-method> <!-- Method4 -->
      </class> <!-- Testcases.HomeLoanTest -->
      <class name="Testcases.CarLoansTest">
        <test-method is-config="true" signature="Method1()[pri:0, instance:Testcases.CarLoansTest@1fb19a0]" started-at="2023-04-16T04:26:57Z" name="Method1" finished-at="2023-04-16T04:26:57Z" duration-ms="1" status="PASS">
          <reporter-output>
          </reporter-output>
        </test-method> <!-- Method1 -->
        <test-method signature="test4()[pri:0, instance:Testcases.CarLoansTest@1fb19a0]" started-at="2023-04-16T04:26:57Z" name="test4" finished-at="2023-04-16T04:26:57Z" duration-ms="2" status="PASS">
          <reporter-output>
          </reporter-output>
        </test-method> <!-- test4 -->
        <test-method is-config="true" signature="Method2()[pri:0, instance:Testcases.CarLoansTest@1fb19a0]" started-at="2023-04-16T04:26:57Z" name="Method2" finished-at="2023-04-16T04:26:57Z" duration-ms="0" status="PASS">
          <reporter-output>
          </reporter-output>
        </test-method> <!-- Method2 -->
      </class> <!-- Testcases.CarLoansTest -->
    </test> <!-- Test -->
  </suite> <!-- Suite -->
</testng-results>
